<?xml version="1.0" encoding="UTF-8"?>
<!-- Generated by org.testng.reporters.JUnitReportReporter -->
<testsuite skipped="0" hostname="DESKTOP-NG79I8K" name="RestAssuredAPIUsingPOJO.FreelancerGetRequestforPHPproject" tests="1" failures="0" timestamp="2020-01-21T08:53:34 IST" time="11.844" errors="0">
  <testcase name="GetFreelancerforPHP" time="11.844" classname="RestAssuredAPIUsingPOJO.FreelancerGetRequestforPHPproject"/>
</testsuite> <!-- RestAssuredAPIUsingPOJO.FreelancerGetRequestforPHPproject -->
