<?xml version="1.0" encoding="UTF-8"?>
<!-- Generated by org.testng.reporters.JUnitReportReporter -->
<testsuite skipped="0" hostname="DESKTOP-NG79I8K" name="GoogleMap.requestUsingRequestSpecification" tests="1" failures="0" timestamp="2020-01-14T01:19:35 IST" time="3.574" errors="0">
  <testcase name="restRequest" time="3.574" classname="GoogleMap.requestUsingRequestSpecification"/>
</testsuite> <!-- GoogleMap.requestUsingRequestSpecification -->
