<?xml version="1.0" encoding="UTF-8"?>
<!-- Generated by org.testng.reporters.JUnitReportReporter -->
<testsuite skipped="0" hostname="DESKTOP-NG79I8K" name="GoogleMap.postRequestToCreateCustomer" tests="1" failures="0" timestamp="2020-01-14T01:35:01 IST" time="6.146" errors="0">
  <testcase name="restRequest" time="6.146" classname="GoogleMap.postRequestToCreateCustomer"/>
</testsuite> <!-- GoogleMap.postRequestToCreateCustomer -->
