<?xml version="1.0" encoding="UTF-8"?>
<!-- Generated by org.testng.reporters.JUnitReportReporter -->
<testsuite skipped="0" hostname="DESKTOP-NG79I8K" name="SimpleGetTest" tests="1" failures="0" timestamp="2019-11-14T05:37:23 IST" time="26.804" errors="0">
  <testcase name="GetWeatherDetails" time="26.804" classname="SimpleGetTest"/>
</testsuite> <!-- SimpleGetTest -->
