<?xml version="1.0" encoding="UTF-8"?>
<!-- Generated by org.testng.reporters.JUnitReportReporter -->
<testsuite skipped="0" hostname="DESKTOP-NG79I8K" name="RestAssuredAPIUsingPOJO.CreateEmployeeUsingPOJO" tests="1" failures="0" timestamp="2020-01-22T23:18:28 IST" time="26.399" errors="0">
  <testcase name="createEmployee" time="26.399" classname="RestAssuredAPIUsingPOJO.CreateEmployeeUsingPOJO"/>
</testsuite> <!-- RestAssuredAPIUsingPOJO.CreateEmployeeUsingPOJO -->
