<?xml version="1.0" encoding="UTF-8"?>
<!-- Generated by org.testng.reporters.JUnitReportReporter -->
<testsuite skipped="0" hostname="DESKTOP-NG79I8K" name="RestAssuredAPIUsingPOJO.oAuth2PostRequest" tests="2" failures="0" timestamp="2020-01-21T14:47:58 IST" time="24.033" errors="0">
  <testcase name="PostRequestToGetTokenForVaniKateApp" time="1.002" classname="RestAssuredAPIUsingPOJO.oAuth2PostRequest"/>
  <testcase name="PostRequestToGetTokenForMyRestApp" time="23.031" classname="RestAssuredAPIUsingPOJO.oAuth2PostRequest"/>
</testsuite> <!-- RestAssuredAPIUsingPOJO.oAuth2PostRequest -->
