<?xml version="1.0" encoding="UTF-8"?>
<!-- Generated by org.testng.reporters.JUnitReportReporter -->
<testsuite skipped="0" hostname="DESKTOP-NG79I8K" name="GoogleMap.GoogleMapBasic" tests="1" failures="0" timestamp="2019-12-20T23:55:22 IST" time="76.567" errors="0">
  <testcase name="autoRestAssured" time="76.567" classname="GoogleMap.GoogleMapBasic"/>
</testsuite> <!-- GoogleMap.GoogleMapBasic -->
